<?xml version="1.0" encoding="UTF-8"?>
<!-- Generated by org.testng.reporters.JUnitReportReporter -->
<testsuite hostname="DESKTOP-2SH2LKO" failures="0" tests="1" name="com.ohrm.login.Login" time="16.746" errors="0" timestamp="2024-03-21T08:47:31 EDT" skipped="0">
  <testcase classname="com.ohrm.login.Login" name="loginTest" time="16.746"/>
  <system-out/>
</testsuite> <!-- com.ohrm.login.Login -->
